2025-05-19 16:53:23,461 INFO o.a.j.u.JMeterUtils: Setting Locale to en_EN
2025-05-19 16:53:23,469 INFO o.a.j.JMeter: Loading user properties from: user.properties
2025-05-19 16:53:23,469 INFO o.a.j.JMeter: Loading system properties from: system.properties
2025-05-19 16:53:23,472 INFO o.a.j.JMeter: Copyright (c) 1998-2024 The Apache Software Foundation
2025-05-19 16:53:23,472 INFO o.a.j.JMeter: Version 5.6.3
2025-05-19 16:53:23,472 INFO o.a.j.JMeter: java.version=21.0.7
2025-05-19 16:53:23,472 INFO o.a.j.JMeter: java.vm.name=OpenJDK 64-Bit Server VM
2025-05-19 16:53:23,472 INFO o.a.j.JMeter: os.name=Linux
2025-05-19 16:53:23,472 INFO o.a.j.JMeter: os.arch=amd64
2025-05-19 16:53:23,472 INFO o.a.j.JMeter: os.version=6.11.0-25-generic
2025-05-19 16:53:23,472 INFO o.a.j.JMeter: file.encoding=UTF-8
2025-05-19 16:53:23,472 INFO o.a.j.JMeter: java.awt.headless=null
2025-05-19 16:53:23,472 INFO o.a.j.JMeter: Max memory     =1073741824
2025-05-19 16:53:23,472 INFO o.a.j.JMeter: Available Processors =6
2025-05-19 16:53:23,477 INFO o.a.j.JMeter: Default Locale=English (EN)
2025-05-19 16:53:23,477 INFO o.a.j.JMeter: JMeter  Locale=English (EN)
2025-05-19 16:53:23,477 INFO o.a.j.JMeter: JMeterHome=/home/hoangkm/apache-jmeter-5.6.3
2025-05-19 16:53:23,477 INFO o.a.j.JMeter: user.dir  =/home/hoangkm/apache-jmeter-5.6.3/bin
2025-05-19 16:53:23,477 INFO o.a.j.JMeter: PWD       =/home/hoangkm/apache-jmeter-5.6.3/bin
2025-05-19 16:53:23,477 INFO o.a.j.JMeter: IP: 127.0.1.1 Name: hoangkm-asus FullName: hoangkm-asus
2025-05-19 16:53:23,483 INFO o.a.j.JMeter: Loaded icon properties from org/apache/jmeter/images/icon.properties
2025-05-19 16:53:23,604 INFO o.a.j.JMeterGuiLauncher: Setting LAF to: com.github.weisj.darklaf.DarkLaf:com.github.weisj.darklaf.theme.DarculaTheme
2025-05-19 16:53:24,187 INFO o.a.j.r.ClassFinder: Will scan jar /home/hoangkm/apache-jmeter-5.6.3/lib/ext/mariadb-java-client-3.5.3.jar with filter ExtendsClassFilter [parents=[interface org.apache.jmeter.gui.action.Command], inner=false, contains=null, notContains=null]. Consider exposing JMeter plugins via META-INF/services, and add JMeter-Skip-Class-Scanning=true manifest attribute so JMeter can skip classfile scanning
2025-05-19 16:53:24,222 INFO o.a.j.r.ClassFinder: Will scan jar /home/hoangkm/apache-jmeter-5.6.3/lib/ext/mysql-connector-j-9.3.0.jar with filter ExtendsClassFilter [parents=[interface org.apache.jmeter.gui.action.Command], inner=false, contains=null, notContains=null]. Consider exposing JMeter plugins via META-INF/services, and add JMeter-Skip-Class-Scanning=true manifest attribute so JMeter can skip classfile scanning
2025-05-19 16:53:24,470 INFO o.a.j.r.ClassFinder: Will scan jar /home/hoangkm/apache-jmeter-5.6.3/lib/ext/mariadb-java-client-3.5.3.jar with filter ExtendsClassFilter [parents=[interface org.apache.jmeter.gui.plugin.MenuCreator], inner=false, contains=null, notContains=null]. Consider exposing JMeter plugins via META-INF/services, and add JMeter-Skip-Class-Scanning=true manifest attribute so JMeter can skip classfile scanning
2025-05-19 16:53:24,471 INFO o.a.j.r.ClassFinder: Will scan jar /home/hoangkm/apache-jmeter-5.6.3/lib/ext/mysql-connector-j-9.3.0.jar with filter ExtendsClassFilter [parents=[interface org.apache.jmeter.gui.plugin.MenuCreator], inner=false, contains=null, notContains=null]. Consider exposing JMeter plugins via META-INF/services, and add JMeter-Skip-Class-Scanning=true manifest attribute so JMeter can skip classfile scanning
2025-05-19 16:53:30,499 INFO o.a.j.s.FileServer: Default base='/home/hoangkm/apache-jmeter-5.6.3/bin'
2025-05-19 16:53:30,502 INFO o.a.j.g.a.Load: Loading file: /home/hoangkm/apache-jmeter-5.6.3/bin/Prjs/TMS.jmx
2025-05-19 16:53:30,502 INFO o.a.j.s.FileServer: Set new base='/home/hoangkm/apache-jmeter-5.6.3/bin/Prjs'
2025-05-19 16:53:30,599 INFO o.a.j.s.SaveService: Testplan (JMX) version: 2.2. Testlog (JTL) version: 2.2
2025-05-19 16:53:30,615 INFO o.a.j.s.SaveService: Using SaveService properties version 5.0
2025-05-19 16:53:30,615 INFO o.a.j.s.SaveService: Using SaveService properties file encoding UTF-8
2025-05-19 16:53:30,616 INFO o.a.j.s.SaveService: Loading file: /home/hoangkm/apache-jmeter-5.6.3/bin/Prjs/TMS.jmx
2025-05-19 16:53:30,629 INFO o.a.j.p.h.s.HTTPSamplerBase: Parser for text/html is org.apache.jmeter.protocol.http.parser.LagartoBasedHtmlParser
2025-05-19 16:53:30,629 INFO o.a.j.p.h.s.HTTPSamplerBase: Parser for application/xhtml+xml is org.apache.jmeter.protocol.http.parser.LagartoBasedHtmlParser
2025-05-19 16:53:30,629 INFO o.a.j.p.h.s.HTTPSamplerBase: Parser for application/xml is org.apache.jmeter.protocol.http.parser.LagartoBasedHtmlParser
2025-05-19 16:53:30,629 INFO o.a.j.p.h.s.HTTPSamplerBase: Parser for text/xml is org.apache.jmeter.protocol.http.parser.LagartoBasedHtmlParser
2025-05-19 16:53:30,629 INFO o.a.j.p.h.s.HTTPSamplerBase: Parser for text/vnd.wap.wml is org.apache.jmeter.protocol.http.parser.RegexpHTMLParser
2025-05-19 16:53:30,629 INFO o.a.j.p.h.s.HTTPSamplerBase: Parser for text/css is org.apache.jmeter.protocol.http.parser.CssParser
2025-05-19 16:53:30,769 INFO o.a.j.s.SampleResult: Note: Sample TimeStamps are START times
2025-05-19 16:53:30,769 INFO o.a.j.s.SampleResult: sampleresult.default.encoding is set to UTF-8
2025-05-19 16:53:30,769 INFO o.a.j.s.SampleResult: sampleresult.useNanoTime=true
2025-05-19 16:53:30,769 INFO o.a.j.s.SampleResult: sampleresult.nanoThreadSleep=5000
2025-05-19 16:53:30,820 INFO o.a.j.r.ClassFinder: Will scan jar /home/hoangkm/apache-jmeter-5.6.3/lib/ext/mariadb-java-client-3.5.3.jar with filter ExtendsClassFilter [parents=[interface org.apache.jmeter.visualizers.ResultRenderer], inner=false, contains=null, notContains=null]. Consider exposing JMeter plugins via META-INF/services, and add JMeter-Skip-Class-Scanning=true manifest attribute so JMeter can skip classfile scanning
2025-05-19 16:53:30,822 INFO o.a.j.r.ClassFinder: Will scan jar /home/hoangkm/apache-jmeter-5.6.3/lib/ext/mysql-connector-j-9.3.0.jar with filter ExtendsClassFilter [parents=[interface org.apache.jmeter.visualizers.ResultRenderer], inner=false, contains=null, notContains=null]. Consider exposing JMeter plugins via META-INF/services, and add JMeter-Skip-Class-Scanning=true manifest attribute so JMeter can skip classfile scanning
2025-05-19 16:53:30,832 INFO o.a.j.r.ClassFinder: Will scan jar /home/hoangkm/apache-jmeter-5.6.3/lib/ext/mariadb-java-client-3.5.3.jar with filter ExtendsClassFilter [parents=[interface org.apache.jmeter.visualizers.RequestView], inner=false, contains=null, notContains=null]. Consider exposing JMeter plugins via META-INF/services, and add JMeter-Skip-Class-Scanning=true manifest attribute so JMeter can skip classfile scanning
2025-05-19 16:53:30,833 INFO o.a.j.r.ClassFinder: Will scan jar /home/hoangkm/apache-jmeter-5.6.3/lib/ext/mysql-connector-j-9.3.0.jar with filter ExtendsClassFilter [parents=[interface org.apache.jmeter.visualizers.RequestView], inner=false, contains=null, notContains=null]. Consider exposing JMeter plugins via META-INF/services, and add JMeter-Skip-Class-Scanning=true manifest attribute so JMeter can skip classfile scanning
2025-05-19 16:53:30,878 INFO o.a.j.s.FileServer: Set new base='/home/hoangkm/apache-jmeter-5.6.3/bin/Prjs'
2025-05-19 16:53:42,883 INFO o.a.j.e.StandardJMeterEngine: Running the test!
2025-05-19 16:53:42,883 INFO o.a.j.s.SampleEvent: List of sample_variables: []
2025-05-19 16:53:42,884 INFO o.a.j.s.SampleEvent: List of sample_variables: []
2025-05-19 16:53:42,884 INFO o.a.j.e.u.CompoundVariable: Note: Function class names must contain the string: '.functions.'
2025-05-19 16:53:42,884 INFO o.a.j.e.u.CompoundVariable: Note: Function class names must not contain the string: '.gui.'
2025-05-19 16:53:42,909 INFO o.a.j.r.ClassFinder: Will scan jar /home/hoangkm/apache-jmeter-5.6.3/lib/ext/mariadb-java-client-3.5.3.jar with filter ExtendsClassFilter [parents=[interface org.apache.jmeter.functions.Function], inner=false, contains=null, notContains=null]. Consider exposing JMeter plugins via META-INF/services, and add JMeter-Skip-Class-Scanning=true manifest attribute so JMeter can skip classfile scanning
2025-05-19 16:53:42,911 INFO o.a.j.r.ClassFinder: Will scan jar /home/hoangkm/apache-jmeter-5.6.3/lib/ext/mysql-connector-j-9.3.0.jar with filter ExtendsClassFilter [parents=[interface org.apache.jmeter.functions.Function], inner=false, contains=null, notContains=null]. Consider exposing JMeter plugins via META-INF/services, and add JMeter-Skip-Class-Scanning=true manifest attribute so JMeter can skip classfile scanning
2025-05-19 16:53:42,914 INFO o.a.j.g.u.JMeterMenuBar: setRunning(true, *local*)
2025-05-19 16:53:42,941 INFO o.a.j.e.StandardJMeterEngine: Starting ThreadGroup: 1 : Thread Group
2025-05-19 16:53:42,941 INFO o.a.j.e.StandardJMeterEngine: Starting 1 threads for group Thread Group.
2025-05-19 16:53:42,941 INFO o.a.j.e.StandardJMeterEngine: Thread will continue on error
2025-05-19 16:53:42,941 INFO o.a.j.t.ThreadGroup: Starting thread group... number=1 threads=1 ramp-up=1 delayedStart=false
2025-05-19 16:53:42,943 INFO o.a.j.t.ThreadGroup: Started thread group number 1
2025-05-19 16:53:42,944 INFO o.a.j.e.StandardJMeterEngine: All thread groups have been started
2025-05-19 16:53:42,944 INFO o.a.j.t.JMeterThread: Thread started: Thread Group 1-1
2025-05-19 16:53:42,952 INFO o.a.j.p.h.s.HTTPHCAbstractImpl: Local host = hoangkm-asus
2025-05-19 16:53:42,957 INFO o.a.j.p.h.s.HTTPHC4Impl: HTTP request retry count = 0
2025-05-19 16:53:44,971 INFO o.a.j.t.JMeterThread: Thread is done: Thread Group 1-1
2025-05-19 16:53:44,971 INFO o.a.j.t.JMeterThread: Thread finished: Thread Group 1-1
2025-05-19 16:53:44,973 INFO o.a.j.e.StandardJMeterEngine: Notifying test listeners of end of test
2025-05-19 16:53:44,973 INFO o.a.j.g.u.JMeterMenuBar: setRunning(false, *local*)
2025-05-19 17:00:27,791 INFO o.a.j.e.StandardJMeterEngine: Running the test!
2025-05-19 17:00:27,791 INFO o.a.j.s.SampleEvent: List of sample_variables: []
2025-05-19 17:00:27,791 INFO o.a.j.g.u.JMeterMenuBar: setRunning(true, *local*)
2025-05-19 17:00:27,819 INFO o.a.j.e.StandardJMeterEngine: Starting ThreadGroup: 1 : Thread Group
2025-05-19 17:00:27,819 INFO o.a.j.e.StandardJMeterEngine: Starting 1 threads for group Thread Group.
2025-05-19 17:00:27,819 INFO o.a.j.e.StandardJMeterEngine: Thread will continue on error
2025-05-19 17:00:27,819 INFO o.a.j.t.ThreadGroup: Starting thread group... number=1 threads=1 ramp-up=1 delayedStart=false
2025-05-19 17:00:27,820 INFO o.a.j.t.ThreadGroup: Started thread group number 1
2025-05-19 17:00:27,820 INFO o.a.j.e.StandardJMeterEngine: All thread groups have been started
2025-05-19 17:00:27,820 INFO o.a.j.t.JMeterThread: Thread started: Thread Group 1-1
2025-05-19 17:00:33,399 INFO o.a.j.t.JMeterThread: Thread is done: Thread Group 1-1
2025-05-19 17:00:33,399 INFO o.a.j.t.JMeterThread: Thread finished: Thread Group 1-1
2025-05-19 17:00:33,399 INFO o.a.j.e.StandardJMeterEngine: Notifying test listeners of end of test
2025-05-19 17:00:33,400 INFO o.a.j.g.u.JMeterMenuBar: setRunning(false, *local*)
2025-05-19 17:03:14,130 INFO o.a.j.e.StandardJMeterEngine: Running the test!
2025-05-19 17:03:14,131 INFO o.a.j.s.SampleEvent: List of sample_variables: []
2025-05-19 17:03:14,132 INFO o.a.j.g.u.JMeterMenuBar: setRunning(true, *local*)
2025-05-19 17:03:14,160 INFO o.a.j.e.StandardJMeterEngine: Starting ThreadGroup: 1 : Thread Group
2025-05-19 17:03:14,160 INFO o.a.j.e.StandardJMeterEngine: Starting 1 threads for group Thread Group.
2025-05-19 17:03:14,160 INFO o.a.j.e.StandardJMeterEngine: Thread will continue on error
2025-05-19 17:03:14,160 INFO o.a.j.t.ThreadGroup: Starting thread group... number=1 threads=1 ramp-up=1 delayedStart=false
2025-05-19 17:03:14,161 INFO o.a.j.t.ThreadGroup: Started thread group number 1
2025-05-19 17:03:14,161 INFO o.a.j.e.StandardJMeterEngine: All thread groups have been started
2025-05-19 17:03:14,161 INFO o.a.j.t.JMeterThread: Thread started: Thread Group 1-1
2025-05-19 17:03:15,973 INFO o.a.j.t.JMeterThread: Thread is done: Thread Group 1-1
2025-05-19 17:03:15,974 INFO o.a.j.t.JMeterThread: Thread finished: Thread Group 1-1
2025-05-19 17:03:15,974 INFO o.a.j.e.StandardJMeterEngine: Notifying test listeners of end of test
2025-05-19 17:03:15,975 INFO o.a.j.g.u.JMeterMenuBar: setRunning(false, *local*)
2025-05-19 17:04:24,498 INFO o.a.j.e.StandardJMeterEngine: Running the test!
2025-05-19 17:04:24,498 INFO o.a.j.s.SampleEvent: List of sample_variables: []
2025-05-19 17:04:24,499 INFO o.a.j.g.u.JMeterMenuBar: setRunning(true, *local*)
2025-05-19 17:04:24,520 INFO o.a.j.e.StandardJMeterEngine: Starting ThreadGroup: 1 : Thread Group
2025-05-19 17:04:24,520 INFO o.a.j.e.StandardJMeterEngine: Starting 1 threads for group Thread Group.
2025-05-19 17:04:24,520 INFO o.a.j.e.StandardJMeterEngine: Thread will continue on error
2025-05-19 17:04:24,521 INFO o.a.j.t.ThreadGroup: Starting thread group... number=1 threads=1 ramp-up=1 delayedStart=false
2025-05-19 17:04:24,521 INFO o.a.j.t.ThreadGroup: Started thread group number 1
2025-05-19 17:04:24,521 INFO o.a.j.e.StandardJMeterEngine: All thread groups have been started
2025-05-19 17:04:24,521 INFO o.a.j.t.JMeterThread: Thread started: Thread Group 1-1
2025-05-19 17:04:25,268 INFO o.a.j.t.JMeterThread: Thread is done: Thread Group 1-1
2025-05-19 17:04:25,268 INFO o.a.j.t.JMeterThread: Thread finished: Thread Group 1-1
2025-05-19 17:04:25,269 INFO o.a.j.e.StandardJMeterEngine: Notifying test listeners of end of test
2025-05-19 17:04:25,269 INFO o.a.j.g.u.JMeterMenuBar: setRunning(false, *local*)
